2026-03-23 23:59:10.354 | INFO     | __main__:main:82 - Starting Telegram Aggregator...
2026-03-23 23:59:10.355 | INFO     | db.storage:initialize:22 - Database initialized.
2026-03-23 23:59:32.140 | INFO     | __main__:main:82 - Starting Telegram Aggregator...
2026-03-23 23:59:32.142 | INFO     | db.storage:initialize:22 - Database initialized.
2026-03-24 00:02:33.799 | INFO     | __main__:main:83 - Starting Telegram Aggregator...
2026-03-24 00:02:33.800 | INFO     | db.storage:initialize:22 - Database initialized.
2026-03-24 00:03:08.001 | INFO     | __main__:main:101 - Authorized as: CyberGreenOfficial (ID: 6061849908, Bot: False)
2026-03-24 00:03:08.003 | INFO     | __main__:main:107 - Resolving source channels...
2026-03-24 00:03:08.079 | DEBUG    | __main__:main:113 - Resolved source: Ali Bk (2338414262)
2026-03-24 00:03:08.154 | INFO     | handlers.message:register_handlers:17 - Resolved aggregator channel: @lsmoieufijnfbot
2026-03-24 00:03:08.154 | SUCCESS  | __main__:main:120 - Userbot is running and listening for messages.
2026-03-24 00:04:53.996 | INFO     | __main__:main:83 - Starting Telegram Aggregator...
2026-03-24 00:04:53.998 | INFO     | db.storage:initialize:22 - Database initialized.
2026-03-24 00:04:54.587 | INFO     | __main__:main:101 - Authorized as: CyberGreenOfficial (ID: 6061849908, Bot: False)
2026-03-24 00:04:54.588 | INFO     | __main__:main:107 - Resolving source channels...
2026-03-24 00:04:54.662 | DEBUG    | __main__:main:113 - Resolved source: Ali Bk (2338414262)
2026-03-24 00:04:54.740 | INFO     | handlers.message:register_handlers:17 - Resolved aggregator channel: @lsmoieufijnfbot
2026-03-24 00:04:54.740 | SUCCESS  | __main__:main:120 - Userbot is running and listening for messages.
2026-03-24 00:05:54.559 | DEBUG    | handlers.message:handle_new_message:25 - Received new message from -1002338414262
2026-03-24 00:05:55.044 | INFO     | handlers.message:handle_new_message:45 - Forwarding message from Ali Bk
2026-03-24 00:05:55.199 | SUCCESS  | handlers.message:handle_new_message:62 - Forwarded message from Ali Bk
2026-03-24 00:07:34.677 | DEBUG    | handlers.message:handle_new_message:25 - Received new message from -1002338414262
2026-03-24 00:07:34.761 | INFO     | handlers.message:handle_new_message:45 - Forwarding message from Ali Bk
2026-03-24 00:07:34.871 | SUCCESS  | handlers.message:handle_new_message:62 - Forwarded message from Ali Bk
2026-03-24 00:07:58.293 | INFO     | __main__:main:83 - Starting Telegram Aggregator...
2026-03-24 00:07:58.294 | INFO     | db.storage:initialize:22 - Database initialized.
2026-03-24 00:07:59.027 | INFO     | __main__:main:101 - Authorized as: CyberGreenOfficial (ID: 6061849908, Bot: False)
2026-03-24 00:07:59.027 | INFO     | __main__:main:107 - Resolving source channels...
2026-03-24 00:07:59.119 | DEBUG    | __main__:main:113 - Resolved source: Ali Bk (2338414262)
2026-03-24 00:07:59.209 | DEBUG    | __main__:main:113 - Resolved source: RAI HAN (2568127994)
2026-03-24 00:07:59.294 | INFO     | handlers.message:register_handlers:17 - Resolved aggregator channel: @lsmoieufijnfbot
2026-03-24 00:07:59.294 | SUCCESS  | __main__:main:120 - Userbot is running and listening for messages.
2026-03-24 00:08:52.974 | INFO     | __main__:main:83 - Starting Telegram Aggregator...
2026-03-24 00:08:52.976 | INFO     | db.storage:initialize:22 - Database initialized.
2026-03-24 00:08:53.585 | INFO     | __main__:main:101 - Authorized as: CyberGreenOfficial (ID: 6061849908, Bot: False)
2026-03-24 00:08:53.586 | INFO     | __main__:main:107 - Resolving source channels...
2026-03-24 00:08:53.661 | DEBUG    | __main__:main:113 - Resolved source: Ali Bk (2338414262)
2026-03-24 00:08:53.744 | DEBUG    | __main__:main:113 - Resolved source: RAI HAN (2568127994)
2026-03-24 00:08:53.824 | DEBUG    | __main__:main:113 - Resolved source: Unlocked Developer's (2295033644)
2026-03-24 00:08:53.903 | INFO     | handlers.message:register_handlers:17 - Resolved aggregator channel: @lsmoieufijnfbot
2026-03-24 00:08:53.903 | SUCCESS  | __main__:main:120 - Userbot is running and listening for messages.
2026-03-24 00:09:32.542 | DEBUG    | handlers.message:handle_new_message:25 - Received new message from -1002295033644
2026-03-24 00:09:32.550 | INFO     | handlers.message:handle_new_message:47 - Forwarding message from Unlocked Developer's
2026-03-24 00:09:32.660 | SUCCESS  | handlers.message:handle_new_message:64 - Forwarded message from Unlocked Developer's
2026-03-24 00:09:53.558 | DEBUG    | handlers.message:handle_new_message:25 - Received new message from -1002338414262
2026-03-24 00:09:53.927 | INFO     | handlers.message:handle_new_message:47 - Forwarding message from Ali Bk
2026-03-24 00:09:54.060 | SUCCESS  | handlers.message:handle_new_message:64 - Forwarded message from Ali Bk
